<?xml version="1.0" encoding="UTF-8"?>
<!-- Generated by org.testng.reporters.JUnitReportReporter -->
<testsuite hostname="DESKTOP-G0OK52U" failures="0" tests="1" name="action.HRMLoginExample" time="4.533" errors="0" timestamp="2022-05-03T12:12:55 IST" skipped="0">
  <testcase classname="action.HRMLoginExample" name="loginWithValidUserDetails" time="4.533"/>
  <system-out/>
</testsuite> <!-- action.HRMLoginExample -->
