<?xml version="1.0" encoding="UTF-8"?>
<!-- Generated by org.testng.reporters.JUnitReportReporter -->
<testsuite hostname="DESKTOP-G0OK52U" failures="0" tests="1" name="sauseLAB_IntegrationExamples.RESTAPI_GET_Test" time="2.428" errors="0" timestamp="2022-05-03T21:51:36 IST" skipped="0">
  <testcase classname="sauseLAB_IntegrationExamples.RESTAPI_GET_Test" name="test_01_listUser" time="2.428"/>
  <system-out/>
</testsuite> <!-- sauseLAB_IntegrationExamples.RESTAPI_GET_Test -->
