<?xml version="1.0" encoding="UTF-8"?>
<!-- Generated by org.testng.reporters.JUnitReportReporter -->
<testsuite hostname="DESKTOP-G0OK52U" failures="0" tests="1" name="action.TestingTestNG" time="0.001" errors="0" timestamp="2022-04-28T16:25:42 IST" skipped="0">
  <testcase classname="action.TestingTestNG" name="tc_01" time="0.001"/>
  <system-out/>
</testsuite> <!-- action.TestingTestNG -->
