<?xml version="1.0" encoding="UTF-8"?>
<!-- Generated by org.testng.reporters.JUnitReportReporter -->
<testsuite hostname="DESKTOP-G0OK52U" failures="0" tests="1" name="action.HRMLoginExample" time="4.131" errors="0" timestamp="2022-04-28T15:22:27 IST" skipped="0">
  <testcase classname="action.HRMLoginExample" name="loginWithValidUserDetails" time="4.131"/>
  <system-out/>
</testsuite> <!-- action.HRMLoginExample -->
