<?xml version="1.0" encoding="UTF-8"?>
<!-- Generated by org.testng.reporters.JUnitReportReporter -->
<testsuite hostname="DESKTOP-G0OK52U" failures="0" tests="1" name="action.TestingTestNG" time="0.002" errors="0" timestamp="2022-05-03T12:12:55 IST" skipped="0">
  <testcase classname="action.TestingTestNG" name="tc_01" time="0.002"/>
  <system-out/>
</testsuite> <!-- action.TestingTestNG -->
