<?xml version="1.0" encoding="UTF-8"?>
<!-- Generated by org.testng.reporters.JUnitReportReporter -->
<testsuite hostname="DESKTOP-G0OK52U" failures="0" tests="1" name="action.Class1" time="28.435" errors="0" timestamp="2022-04-23T19:46:48 IST" skipped="0">
  <testcase classname="action.Class1" name="firsttest" time="28.435"/>
  <system-out/>
</testsuite> <!-- action.Class1 -->
