<?xml version="1.0" encoding="UTF-8"?>
<!-- Generated by org.testng.reporters.JUnitReportReporter -->
<testsuite hostname="DESKTOP-G0OK52U" failures="0" tests="1" name="action.HRMLoginExample" time="4.123" errors="0" timestamp="2022-04-26T19:06:40 IST" skipped="0">
  <testcase classname="action.HRMLoginExample" name="loginWithValidUserDetails" time="4.123"/>
  <system-out/>
</testsuite> <!-- action.HRMLoginExample -->
